2025-09-17 02:16:10,535 [WARNING] nuvama.DATABASE: Redis connection attempt 1 failed
2025-09-17 02:16:12,574 [WARNING] nuvama.DATABASE: Redis connection attempt 2 failed
2025-09-17 02:16:14,586 [WARNING] nuvama.DATABASE: Redis connection attempt 3 failed
2025-09-17 02:16:14,591 [CRITICAL] nuvama.SYSTEM: Failed to initialize components
2025-09-17 02:16:14,606 [WARNING] nuvama.DATABASE: Redis connection attempt 1 failed
2025-09-17 02:16:16,490 [INFO] nuvama.SYSTEM: Received signal SIGINT, initiating graceful shutdown
2025-09-17 02:16:16,491 [INFO] nuvama.SYSTEM: Initiating graceful shutdown
2025-09-17 02:16:16,615 [WARNING] nuvama.DATABASE: Redis connection attempt 2 failed
2025-09-17 02:16:17,542 [INFO] nuvama.SYSTEM: Received signal SIGINT, initiating graceful shutdown
2025-09-17 02:16:17,787 [INFO] nuvama.SYSTEM: Received signal SIGINT, initiating graceful shutdown
2025-09-17 02:16:18,016 [INFO] nuvama.SYSTEM: Received signal SIGINT, initiating graceful shutdown
2025-09-17 02:16:18,648 [WARNING] nuvama.DATABASE: Redis connection attempt 3 failed
2025-09-17 02:16:18,653 [CRITICAL] nuvama.SYSTEM: Failed to initialize components
2025-09-17 02:16:18,661 [INFO] nuvama.SYSTEM: Initiating graceful shutdown
2025-09-17 02:16:53,785 [INFO] nuvama.DATABASE: Redis connection established
2025-09-17 02:16:53,787 [INFO] constants.router: Router object is being created.
2025-09-17 02:16:53,787 [INFO] APIConnect.http: Http object is being created.
2025-09-17 02:16:53,787 [INFO] APIConnect.login_helper: LoginHelper object is being created.
2025-09-17 02:16:53,787 [INFO] APIConnect.order_helper: OrderHelper object is being created.
2025-09-17 02:16:53,789 [INFO] APIConnect.api_utils: Checking for new update.
2025-09-17 02:16:53,794 [DEBUG] urllib3.connectionpool: Starting new HTTPS connection (1): nc.nuvamawealth.com:443
2025-09-17 02:16:53,945 [DEBUG] urllib3.connectionpool: https://nc.nuvamawealth.com:443 "POST /edelmw-content/content/adhoc/lib/version/ HTTP/1.1" 401 193
2025-09-17 02:16:53,946 [DEBUG] APIConnect.http: Error response: {"appID":"960993191487819c37ffd0ae9f312b43","config":{},"error":{"actCd":"52","errCd":"EGN0011","errMsg":"Session Expired"},"msgID":"d84c82cd-153e-43f2-a4a5-cd86b63b1c70","srvTm":1758055613566}
2025-09-17 02:16:53,946 [DEBUG] APIConnect.api_utils: Response received: 
2025-09-17 02:16:53,946 [INFO] nuvama.API: API connection initialized
2025-09-17 02:16:53,953 [INFO] nuvama.MARKET_DATA: Tick data manager initialized
2025-09-17 02:16:54,673 [INFO] nuvama.SYSTEM: Common functions initialized
2025-09-17 02:16:54,675 [INFO] nuvama.WEBSOCKET: Streaming components initialized
2025-09-17 02:16:54,677 [INFO] nuvama.MARKET_DATA: Loaded 798 option instruments from cache
2025-09-17 02:16:54,679 [DEBUG] feed.reduced_quotes_feed: Subscribing Reduced quote feed with request: {"request": {"streaming_type": "quote", "data": {"accType": "EQ", "symbols": [{"symbol": "-29"}, {"symbol": "-101"}]}, "formFactor": "P", "appID": "eyJhbGciOiJIUzI1NiIsInR5cCI6IkpXVCJ9.eyJhcHAiOjAsImZmIjoiVyIsImJkIjoid2ViLXBjIiwibmJmIjoxNzUzNDI5MDE3LCJzcmMiOiJlbXRtdyIsImF2IjoiMi4wLjkiLCJhcHBpZCI6Ijk2MDk5MzE5MTQ4NzgxOWMzN2ZmZDBhZTlmMzEyYjQzIiwiaXNzIjoiZW10IiwiZXhwIjoxNzUzNDY4MjAwLCJpYXQiOjE3NTM0MjkzMTd9.uyTTEGoncLPh4GSxxEE3aGtYw24gYjptAOiawZjehYw", "response_format": "json", "request_type": "subscribe"}, "echo": {}}

2025-09-17 02:16:54,679 [INFO] nuvama.WEBSOCKET: Quotes streaming started
2025-09-17 02:16:56,757 [DEBUG] nuvama.MARKET_DATA: Refreshed options for NIFTY expiry 0
2025-09-17 02:16:56,803 [DEBUG] nuvama.MARKET_DATA: Refreshed options for NIFTY expiry 1
2025-09-17 02:16:56,846 [DEBUG] nuvama.MARKET_DATA: Refreshed options for NIFTY expiry 2
2025-09-17 02:16:56,888 [DEBUG] nuvama.MARKET_DATA: Refreshed options for NIFTY expiry 3
2025-09-17 02:16:56,925 [DEBUG] nuvama.MARKET_DATA: Refreshed options for SENSEX expiry 0
2025-09-17 02:16:56,962 [DEBUG] nuvama.MARKET_DATA: Refreshed options for SENSEX expiry 1
2025-09-17 02:16:57,001 [DEBUG] nuvama.MARKET_DATA: Refreshed options for SENSEX expiry 2
2025-09-17 02:16:57,039 [DEBUG] nuvama.MARKET_DATA: Refreshed options for SENSEX expiry 3
2025-09-17 02:16:57,041 [INFO] nuvama.MARKET_DATA: Refreshing equity options for 386 symbols
2025-09-17 02:16:57,094 [INFO] nuvama.MARKET_DATA: Started strikes updates listener
2025-09-17 02:16:57,095 [INFO] nuvama.MARKET_DATA: Strikes updates subscription setup
2025-09-17 02:16:57,096 [INFO] nuvama.SYSTEM: CentralSocketDataManager initialized successfully
2025-09-17 02:16:57,098 [INFO] nuvama.SYSTEM: Starting market data streaming (attempt 1)
2025-09-17 02:16:57,099 [WARNING] nuvama.SYSTEM: Market data streaming already running
2025-09-17 02:16:57,103 [ERROR] nuvama.API: API feed error detected
2025-09-17 02:16:57,129 [ERROR] nuvama.SYSTEM: Market data streaming error (restart 1/5)
2025-09-17 02:16:57,130 [INFO] nuvama.SYSTEM: Restarting in 10 seconds...
2025-09-17 02:17:07,128 [DEBUG] feed.reduced_quotes_feed: Unsubscribing reduced quote feed with request: {"request": {"streaming_type": "quote", "data": {"accType": "EQ", "symbols": []}, "formFactor": "P", "appID": "eyJhbGciOiJIUzI1NiIsInR5cCI6IkpXVCJ9.eyJhcHAiOjAsImZmIjoiVyIsImJkIjoid2ViLXBjIiwibmJmIjoxNzUzNDI5MDE3LCJzcmMiOiJlbXRtdyIsImF2IjoiMi4wLjkiLCJhcHBpZCI6Ijk2MDk5MzE5MTQ4NzgxOWMzN2ZmZDBhZTlmMzEyYjQzIiwiaXNzIjoiZW10IiwiZXhwIjoxNzUzNDY4MjAwLCJpYXQiOjE3NTM0MjkzMTd9.uyTTEGoncLPh4GSxxEE3aGtYw24gYjptAOiawZjehYw", "response_format": "json", "request_type": "unsubscribe"}, "echo": {}}

2025-09-17 02:17:07,128 [DEBUG] feed.depth_feed: Unsubscribing depth feed with request: {"request": {"streaming_type": "quote2", "data": {"accType": "EQ", "symbols": []}, "formFactor": "P", "appID": "eyJhbGciOiJIUzI1NiIsInR5cCI6IkpXVCJ9.eyJhcHAiOjAsImZmIjoiVyIsImJkIjoid2ViLXBjIiwibmJmIjoxNzUzNDI5MDE3LCJzcmMiOiJlbXRtdyIsImF2IjoiMi4wLjkiLCJhcHBpZCI6Ijk2MDk5MzE5MTQ4NzgxOWMzN2ZmZDBhZTlmMzEyYjQzIiwiaXNzIjoiZW10IiwiZXhwIjoxNzUzNDY4MjAwLCJpYXQiOjE3NTM0MjkzMTd9.uyTTEGoncLPh4GSxxEE3aGtYw24gYjptAOiawZjehYw", "response_format": "json", "request_type": "unsubscribe"}, "echo": {}}

2025-09-17 02:17:07,129 [INFO] nuvama.DATABASE: Redis connection established
2025-09-17 02:17:07,130 [INFO] constants.router: Router object is being created.
2025-09-17 02:17:07,131 [INFO] APIConnect.http: Http object is being created.
2025-09-17 02:17:07,131 [INFO] APIConnect.login_helper: LoginHelper object is being created.
2025-09-17 02:17:07,131 [INFO] APIConnect.order_helper: OrderHelper object is being created.
2025-09-17 02:17:07,133 [INFO] APIConnect.api_utils: Checking for new update.
2025-09-17 02:17:07,136 [DEBUG] urllib3.connectionpool: Starting new HTTPS connection (1): nc.nuvamawealth.com:443
2025-09-17 02:17:07,192 [ERROR] nuvama.MARKET_DATA: Strikes updates listener error
2025-09-17 02:17:07,194 [INFO] nuvama.MARKET_DATA: Strikes updates listener stopped
2025-09-17 02:17:07,251 [DEBUG] urllib3.connectionpool: https://nc.nuvamawealth.com:443 "POST /edelmw-content/content/adhoc/lib/version/ HTTP/1.1" 401 193
2025-09-17 02:17:07,253 [DEBUG] APIConnect.http: Error response: {"appID":"960993191487819c37ffd0ae9f312b43","config":{},"error":{"actCd":"52","errCd":"EGN0011","errMsg":"Session Expired"},"msgID":"a4495611-a2d4-4ea2-b4f8-58dcf41cc48e","srvTm":1758055626876}
2025-09-17 02:17:07,253 [DEBUG] APIConnect.api_utils: Response received: 
2025-09-17 02:17:07,254 [INFO] nuvama.API: API connection initialized
2025-09-17 02:17:07,266 [INFO] nuvama.MARKET_DATA: Tick data manager initialized
2025-09-17 02:17:08,001 [INFO] nuvama.SYSTEM: Common functions initialized
2025-09-17 02:17:08,003 [INFO] nuvama.WEBSOCKET: Streaming components initialized
2025-09-17 02:17:08,031 [INFO] nuvama.MARKET_DATA: Loaded 798 option instruments from cache
2025-09-17 02:17:08,033 [DEBUG] feed.reduced_quotes_feed: Subscribing Reduced quote feed with request: {"request": {"streaming_type": "quote", "data": {"accType": "EQ", "symbols": [{"symbol": "-29"}, {"symbol": "-101"}]}, "formFactor": "P", "appID": "eyJhbGciOiJIUzI1NiIsInR5cCI6IkpXVCJ9.eyJhcHAiOjAsImZmIjoiVyIsImJkIjoid2ViLXBjIiwibmJmIjoxNzUzNDI5MDE3LCJzcmMiOiJlbXRtdyIsImF2IjoiMi4wLjkiLCJhcHBpZCI6Ijk2MDk5MzE5MTQ4NzgxOWMzN2ZmZDBhZTlmMzEyYjQzIiwiaXNzIjoiZW10IiwiZXhwIjoxNzUzNDY4MjAwLCJpYXQiOjE3NTM0MjkzMTd9.uyTTEGoncLPh4GSxxEE3aGtYw24gYjptAOiawZjehYw", "response_format": "json", "request_type": "subscribe"}, "echo": {}}

2025-09-17 02:17:08,033 [INFO] nuvama.WEBSOCKET: Quotes streaming started
2025-09-17 02:17:10,094 [DEBUG] nuvama.MARKET_DATA: Refreshed options for NIFTY expiry 0
2025-09-17 02:17:10,139 [DEBUG] nuvama.MARKET_DATA: Refreshed options for NIFTY expiry 1
2025-09-17 02:17:10,183 [DEBUG] nuvama.MARKET_DATA: Refreshed options for NIFTY expiry 2
2025-09-17 02:17:10,228 [DEBUG] nuvama.MARKET_DATA: Refreshed options for NIFTY expiry 3
2025-09-17 02:17:10,267 [DEBUG] nuvama.MARKET_DATA: Refreshed options for SENSEX expiry 0
2025-09-17 02:17:10,308 [DEBUG] nuvama.MARKET_DATA: Refreshed options for SENSEX expiry 1
2025-09-17 02:17:10,355 [DEBUG] nuvama.MARKET_DATA: Refreshed options for SENSEX expiry 2
2025-09-17 02:17:10,394 [DEBUG] nuvama.MARKET_DATA: Refreshed options for SENSEX expiry 3
2025-09-17 02:17:10,396 [INFO] nuvama.MARKET_DATA: Refreshing equity options for 386 symbols
2025-09-17 02:17:10,444 [INFO] nuvama.MARKET_DATA: Started strikes updates listener
2025-09-17 02:17:10,444 [INFO] nuvama.MARKET_DATA: Strikes updates subscription setup
2025-09-17 02:17:10,446 [INFO] nuvama.SYSTEM: Starting market data streaming (attempt 2)
2025-09-17 02:17:10,448 [WARNING] nuvama.SYSTEM: Market data streaming already running
2025-09-17 02:17:10,450 [ERROR] nuvama.API: API feed error detected
2025-09-17 02:17:10,452 [ERROR] nuvama.SYSTEM: Market data streaming error (restart 2/5)
2025-09-17 02:17:10,453 [INFO] nuvama.SYSTEM: Restarting in 10 seconds...
2025-09-17 02:17:20,455 [DEBUG] feed.reduced_quotes_feed: Unsubscribing reduced quote feed with request: {"request": {"streaming_type": "quote", "data": {"accType": "EQ", "symbols": []}, "formFactor": "P", "appID": "eyJhbGciOiJIUzI1NiIsInR5cCI6IkpXVCJ9.eyJhcHAiOjAsImZmIjoiVyIsImJkIjoid2ViLXBjIiwibmJmIjoxNzUzNDI5MDE3LCJzcmMiOiJlbXRtdyIsImF2IjoiMi4wLjkiLCJhcHBpZCI6Ijk2MDk5MzE5MTQ4NzgxOWMzN2ZmZDBhZTlmMzEyYjQzIiwiaXNzIjoiZW10IiwiZXhwIjoxNzUzNDY4MjAwLCJpYXQiOjE3NTM0MjkzMTd9.uyTTEGoncLPh4GSxxEE3aGtYw24gYjptAOiawZjehYw", "response_format": "json", "request_type": "unsubscribe"}, "echo": {}}

2025-09-17 02:17:20,457 [DEBUG] feed.depth_feed: Unsubscribing depth feed with request: {"request": {"streaming_type": "quote2", "data": {"accType": "EQ", "symbols": []}, "formFactor": "P", "appID": "eyJhbGciOiJIUzI1NiIsInR5cCI6IkpXVCJ9.eyJhcHAiOjAsImZmIjoiVyIsImJkIjoid2ViLXBjIiwibmJmIjoxNzUzNDI5MDE3LCJzcmMiOiJlbXRtdyIsImF2IjoiMi4wLjkiLCJhcHBpZCI6Ijk2MDk5MzE5MTQ4NzgxOWMzN2ZmZDBhZTlmMzEyYjQzIiwiaXNzIjoiZW10IiwiZXhwIjoxNzUzNDY4MjAwLCJpYXQiOjE3NTM0MjkzMTd9.uyTTEGoncLPh4GSxxEE3aGtYw24gYjptAOiawZjehYw", "response_format": "json", "request_type": "unsubscribe"}, "echo": {}}

2025-09-17 02:17:20,464 [INFO] nuvama.DATABASE: Redis connection established
2025-09-17 02:17:20,466 [INFO] constants.router: Router object is being created.
2025-09-17 02:17:20,466 [INFO] APIConnect.http: Http object is being created.
2025-09-17 02:17:20,467 [INFO] APIConnect.login_helper: LoginHelper object is being created.
2025-09-17 02:17:20,467 [INFO] APIConnect.order_helper: OrderHelper object is being created.
2025-09-17 02:17:20,469 [INFO] APIConnect.api_utils: Checking for new update.
2025-09-17 02:17:20,472 [DEBUG] urllib3.connectionpool: Starting new HTTPS connection (1): nc.nuvamawealth.com:443
2025-09-17 02:17:20,473 [ERROR] nuvama.MARKET_DATA: Strikes updates listener error
2025-09-17 02:17:20,474 [INFO] nuvama.MARKET_DATA: Strikes updates listener stopped
2025-09-17 02:17:20,591 [DEBUG] urllib3.connectionpool: https://nc.nuvamawealth.com:443 "POST /edelmw-content/content/adhoc/lib/version/ HTTP/1.1" 401 193
2025-09-17 02:17:20,592 [DEBUG] APIConnect.http: Error response: {"appID":"960993191487819c37ffd0ae9f312b43","config":{},"error":{"actCd":"52","errCd":"EGN0011","errMsg":"Session Expired"},"msgID":"81a04ab9-35ce-4b94-b024-836aebc77acc","srvTm":1758055640215}
2025-09-17 02:17:20,592 [DEBUG] APIConnect.api_utils: Response received: 
2025-09-17 02:17:20,593 [INFO] nuvama.API: API connection initialized
2025-09-17 02:17:20,605 [INFO] nuvama.MARKET_DATA: Tick data manager initialized
2025-09-17 02:17:21,382 [INFO] nuvama.SYSTEM: Common functions initialized
2025-09-17 02:17:21,384 [INFO] nuvama.WEBSOCKET: Streaming components initialized
2025-09-17 02:17:21,387 [INFO] nuvama.MARKET_DATA: Loaded 798 option instruments from cache
2025-09-17 02:17:21,388 [DEBUG] feed.reduced_quotes_feed: Subscribing Reduced quote feed with request: {"request": {"streaming_type": "quote", "data": {"accType": "EQ", "symbols": [{"symbol": "-29"}, {"symbol": "-101"}]}, "formFactor": "P", "appID": "eyJhbGciOiJIUzI1NiIsInR5cCI6IkpXVCJ9.eyJhcHAiOjAsImZmIjoiVyIsImJkIjoid2ViLXBjIiwibmJmIjoxNzUzNDI5MDE3LCJzcmMiOiJlbXRtdyIsImF2IjoiMi4wLjkiLCJhcHBpZCI6Ijk2MDk5MzE5MTQ4NzgxOWMzN2ZmZDBhZTlmMzEyYjQzIiwiaXNzIjoiZW10IiwiZXhwIjoxNzUzNDY4MjAwLCJpYXQiOjE3NTM0MjkzMTd9.uyTTEGoncLPh4GSxxEE3aGtYw24gYjptAOiawZjehYw", "response_format": "json", "request_type": "subscribe"}, "echo": {}}

2025-09-17 02:17:21,389 [INFO] nuvama.WEBSOCKET: Quotes streaming started
2025-09-17 02:17:23,449 [DEBUG] nuvama.MARKET_DATA: Refreshed options for NIFTY expiry 0
2025-09-17 02:17:23,503 [DEBUG] nuvama.MARKET_DATA: Refreshed options for NIFTY expiry 1
2025-09-17 02:17:23,554 [DEBUG] nuvama.MARKET_DATA: Refreshed options for NIFTY expiry 2
2025-09-17 02:17:23,605 [DEBUG] nuvama.MARKET_DATA: Refreshed options for NIFTY expiry 3
2025-09-17 02:17:23,650 [DEBUG] nuvama.MARKET_DATA: Refreshed options for SENSEX expiry 0
2025-09-17 02:17:23,695 [DEBUG] nuvama.MARKET_DATA: Refreshed options for SENSEX expiry 1
2025-09-17 02:17:23,741 [DEBUG] nuvama.MARKET_DATA: Refreshed options for SENSEX expiry 2
2025-09-17 02:17:23,787 [DEBUG] nuvama.MARKET_DATA: Refreshed options for SENSEX expiry 3
2025-09-17 02:17:23,789 [INFO] nuvama.MARKET_DATA: Refreshing equity options for 386 symbols
2025-09-17 02:17:23,841 [INFO] nuvama.MARKET_DATA: Started strikes updates listener
2025-09-17 02:17:23,841 [INFO] nuvama.MARKET_DATA: Strikes updates subscription setup
2025-09-17 02:17:23,843 [INFO] nuvama.SYSTEM: Starting market data streaming (attempt 3)
2025-09-17 02:17:23,845 [WARNING] nuvama.SYSTEM: Market data streaming already running
2025-09-17 02:17:23,847 [ERROR] nuvama.API: API feed error detected
2025-09-17 02:17:23,848 [ERROR] nuvama.SYSTEM: Market data streaming error (restart 3/5)
2025-09-17 02:17:23,849 [INFO] nuvama.SYSTEM: Restarting in 10 seconds...
2025-09-17 02:17:33,850 [DEBUG] feed.reduced_quotes_feed: Unsubscribing reduced quote feed with request: {"request": {"streaming_type": "quote", "data": {"accType": "EQ", "symbols": []}, "formFactor": "P", "appID": "eyJhbGciOiJIUzI1NiIsInR5cCI6IkpXVCJ9.eyJhcHAiOjAsImZmIjoiVyIsImJkIjoid2ViLXBjIiwibmJmIjoxNzUzNDI5MDE3LCJzcmMiOiJlbXRtdyIsImF2IjoiMi4wLjkiLCJhcHBpZCI6Ijk2MDk5MzE5MTQ4NzgxOWMzN2ZmZDBhZTlmMzEyYjQzIiwiaXNzIjoiZW10IiwiZXhwIjoxNzUzNDY4MjAwLCJpYXQiOjE3NTM0MjkzMTd9.uyTTEGoncLPh4GSxxEE3aGtYw24gYjptAOiawZjehYw", "response_format": "json", "request_type": "unsubscribe"}, "echo": {}}

2025-09-17 02:17:33,851 [DEBUG] feed.depth_feed: Unsubscribing depth feed with request: {"request": {"streaming_type": "quote2", "data": {"accType": "EQ", "symbols": []}, "formFactor": "P", "appID": "eyJhbGciOiJIUzI1NiIsInR5cCI6IkpXVCJ9.eyJhcHAiOjAsImZmIjoiVyIsImJkIjoid2ViLXBjIiwibmJmIjoxNzUzNDI5MDE3LCJzcmMiOiJlbXRtdyIsImF2IjoiMi4wLjkiLCJhcHBpZCI6Ijk2MDk5MzE5MTQ4NzgxOWMzN2ZmZDBhZTlmMzEyYjQzIiwiaXNzIjoiZW10IiwiZXhwIjoxNzUzNDY4MjAwLCJpYXQiOjE3NTM0MjkzMTd9.uyTTEGoncLPh4GSxxEE3aGtYw24gYjptAOiawZjehYw", "response_format": "json", "request_type": "unsubscribe"}, "echo": {}}

2025-09-17 02:17:33,852 [INFO] nuvama.DATABASE: Redis connection established
2025-09-17 02:17:33,853 [INFO] constants.router: Router object is being created.
2025-09-17 02:17:33,853 [INFO] APIConnect.http: Http object is being created.
2025-09-17 02:17:33,854 [INFO] APIConnect.login_helper: LoginHelper object is being created.
2025-09-17 02:17:33,854 [INFO] APIConnect.order_helper: OrderHelper object is being created.
2025-09-17 02:17:33,856 [INFO] APIConnect.api_utils: Checking for new update.
2025-09-17 02:17:33,858 [DEBUG] urllib3.connectionpool: Starting new HTTPS connection (1): nc.nuvamawealth.com:443
2025-09-17 02:17:33,858 [ERROR] nuvama.MARKET_DATA: Strikes updates listener error
2025-09-17 02:17:33,859 [INFO] nuvama.MARKET_DATA: Strikes updates listener stopped
2025-09-17 02:17:33,972 [DEBUG] urllib3.connectionpool: https://nc.nuvamawealth.com:443 "POST /edelmw-content/content/adhoc/lib/version/ HTTP/1.1" 401 193
2025-09-17 02:17:33,973 [DEBUG] APIConnect.http: Error response: {"appID":"960993191487819c37ffd0ae9f312b43","config":{},"error":{"actCd":"52","errCd":"EGN0011","errMsg":"Session Expired"},"msgID":"88191280-e8ad-43f5-9f60-2dee21361117","srvTm":1758055653595}
2025-09-17 02:17:33,973 [DEBUG] APIConnect.api_utils: Response received: 
2025-09-17 02:17:33,974 [INFO] nuvama.API: API connection initialized
2025-09-17 02:17:33,984 [INFO] nuvama.MARKET_DATA: Tick data manager initialized
2025-09-17 02:17:34,796 [INFO] nuvama.SYSTEM: Common functions initialized
2025-09-17 02:17:34,798 [INFO] nuvama.WEBSOCKET: Streaming components initialized
2025-09-17 02:17:34,800 [INFO] nuvama.MARKET_DATA: Loaded 798 option instruments from cache
2025-09-17 02:17:34,802 [DEBUG] feed.reduced_quotes_feed: Subscribing Reduced quote feed with request: {"request": {"streaming_type": "quote", "data": {"accType": "EQ", "symbols": [{"symbol": "-29"}, {"symbol": "-101"}]}, "formFactor": "P", "appID": "eyJhbGciOiJIUzI1NiIsInR5cCI6IkpXVCJ9.eyJhcHAiOjAsImZmIjoiVyIsImJkIjoid2ViLXBjIiwibmJmIjoxNzUzNDI5MDE3LCJzcmMiOiJlbXRtdyIsImF2IjoiMi4wLjkiLCJhcHBpZCI6Ijk2MDk5MzE5MTQ4NzgxOWMzN2ZmZDBhZTlmMzEyYjQzIiwiaXNzIjoiZW10IiwiZXhwIjoxNzUzNDY4MjAwLCJpYXQiOjE3NTM0MjkzMTd9.uyTTEGoncLPh4GSxxEE3aGtYw24gYjptAOiawZjehYw", "response_format": "json", "request_type": "subscribe"}, "echo": {}}

2025-09-17 02:17:34,803 [INFO] nuvama.WEBSOCKET: Quotes streaming started
2025-09-17 02:17:36,863 [DEBUG] nuvama.MARKET_DATA: Refreshed options for NIFTY expiry 0
2025-09-17 02:17:36,911 [DEBUG] nuvama.MARKET_DATA: Refreshed options for NIFTY expiry 1
2025-09-17 02:17:36,961 [DEBUG] nuvama.MARKET_DATA: Refreshed options for NIFTY expiry 2
2025-09-17 02:17:37,009 [DEBUG] nuvama.MARKET_DATA: Refreshed options for NIFTY expiry 3
2025-09-17 02:17:37,053 [DEBUG] nuvama.MARKET_DATA: Refreshed options for SENSEX expiry 0
2025-09-17 02:17:37,099 [DEBUG] nuvama.MARKET_DATA: Refreshed options for SENSEX expiry 1
2025-09-17 02:17:37,148 [DEBUG] nuvama.MARKET_DATA: Refreshed options for SENSEX expiry 2
2025-09-17 02:17:37,190 [DEBUG] nuvama.MARKET_DATA: Refreshed options for SENSEX expiry 3
2025-09-17 02:17:37,192 [INFO] nuvama.MARKET_DATA: Refreshing equity options for 386 symbols
2025-09-17 02:17:37,246 [INFO] nuvama.MARKET_DATA: Started strikes updates listener
2025-09-17 02:17:37,246 [INFO] nuvama.MARKET_DATA: Strikes updates subscription setup
2025-09-17 02:17:37,249 [INFO] nuvama.SYSTEM: Starting market data streaming (attempt 4)
2025-09-17 02:17:37,250 [WARNING] nuvama.SYSTEM: Market data streaming already running
2025-09-17 02:17:37,252 [ERROR] nuvama.API: API feed error detected
2025-09-17 02:17:37,253 [ERROR] nuvama.SYSTEM: Market data streaming error (restart 4/5)
2025-09-17 02:17:37,254 [INFO] nuvama.SYSTEM: Restarting in 10 seconds...
2025-09-17 02:17:47,256 [DEBUG] feed.reduced_quotes_feed: Unsubscribing reduced quote feed with request: {"request": {"streaming_type": "quote", "data": {"accType": "EQ", "symbols": []}, "formFactor": "P", "appID": "eyJhbGciOiJIUzI1NiIsInR5cCI6IkpXVCJ9.eyJhcHAiOjAsImZmIjoiVyIsImJkIjoid2ViLXBjIiwibmJmIjoxNzUzNDI5MDE3LCJzcmMiOiJlbXRtdyIsImF2IjoiMi4wLjkiLCJhcHBpZCI6Ijk2MDk5MzE5MTQ4NzgxOWMzN2ZmZDBhZTlmMzEyYjQzIiwiaXNzIjoiZW10IiwiZXhwIjoxNzUzNDY4MjAwLCJpYXQiOjE3NTM0MjkzMTd9.uyTTEGoncLPh4GSxxEE3aGtYw24gYjptAOiawZjehYw", "response_format": "json", "request_type": "unsubscribe"}, "echo": {}}

2025-09-17 02:17:47,258 [DEBUG] feed.depth_feed: Unsubscribing depth feed with request: {"request": {"streaming_type": "quote2", "data": {"accType": "EQ", "symbols": []}, "formFactor": "P", "appID": "eyJhbGciOiJIUzI1NiIsInR5cCI6IkpXVCJ9.eyJhcHAiOjAsImZmIjoiVyIsImJkIjoid2ViLXBjIiwibmJmIjoxNzUzNDI5MDE3LCJzcmMiOiJlbXRtdyIsImF2IjoiMi4wLjkiLCJhcHBpZCI6Ijk2MDk5MzE5MTQ4NzgxOWMzN2ZmZDBhZTlmMzEyYjQzIiwiaXNzIjoiZW10IiwiZXhwIjoxNzUzNDY4MjAwLCJpYXQiOjE3NTM0MjkzMTd9.uyTTEGoncLPh4GSxxEE3aGtYw24gYjptAOiawZjehYw", "response_format": "json", "request_type": "unsubscribe"}, "echo": {}}

2025-09-17 02:17:47,265 [INFO] nuvama.DATABASE: Redis connection established
2025-09-17 02:17:47,267 [INFO] constants.router: Router object is being created.
2025-09-17 02:17:47,267 [INFO] APIConnect.http: Http object is being created.
2025-09-17 02:17:47,267 [INFO] APIConnect.login_helper: LoginHelper object is being created.
2025-09-17 02:17:47,268 [INFO] APIConnect.order_helper: OrderHelper object is being created.
2025-09-17 02:17:47,270 [INFO] APIConnect.api_utils: Checking for new update.
2025-09-17 02:17:47,274 [DEBUG] urllib3.connectionpool: Starting new HTTPS connection (1): nc.nuvamawealth.com:443
2025-09-17 02:17:47,274 [ERROR] nuvama.MARKET_DATA: Strikes updates listener error
2025-09-17 02:17:47,275 [INFO] nuvama.MARKET_DATA: Strikes updates listener stopped
2025-09-17 02:17:47,393 [DEBUG] urllib3.connectionpool: https://nc.nuvamawealth.com:443 "POST /edelmw-content/content/adhoc/lib/version/ HTTP/1.1" 401 193
2025-09-17 02:17:47,394 [DEBUG] APIConnect.http: Error response: {"appID":"960993191487819c37ffd0ae9f312b43","config":{},"error":{"actCd":"52","errCd":"EGN0011","errMsg":"Session Expired"},"msgID":"62660032-b413-43cd-96b9-bb9e00887ff1","srvTm":1758055667018}
2025-09-17 02:17:47,394 [DEBUG] APIConnect.api_utils: Response received: 
2025-09-17 02:17:47,395 [INFO] nuvama.API: API connection initialized
2025-09-17 02:17:47,405 [INFO] nuvama.MARKET_DATA: Tick data manager initialized
2025-09-17 02:17:48,247 [INFO] nuvama.SYSTEM: Common functions initialized
2025-09-17 02:17:48,249 [INFO] nuvama.WEBSOCKET: Streaming components initialized
2025-09-17 02:17:48,251 [INFO] nuvama.MARKET_DATA: Loaded 798 option instruments from cache
2025-09-17 02:17:48,252 [DEBUG] feed.reduced_quotes_feed: Subscribing Reduced quote feed with request: {"request": {"streaming_type": "quote", "data": {"accType": "EQ", "symbols": [{"symbol": "-29"}, {"symbol": "-101"}]}, "formFactor": "P", "appID": "eyJhbGciOiJIUzI1NiIsInR5cCI6IkpXVCJ9.eyJhcHAiOjAsImZmIjoiVyIsImJkIjoid2ViLXBjIiwibmJmIjoxNzUzNDI5MDE3LCJzcmMiOiJlbXRtdyIsImF2IjoiMi4wLjkiLCJhcHBpZCI6Ijk2MDk5MzE5MTQ4NzgxOWMzN2ZmZDBhZTlmMzEyYjQzIiwiaXNzIjoiZW10IiwiZXhwIjoxNzUzNDY4MjAwLCJpYXQiOjE3NTM0MjkzMTd9.uyTTEGoncLPh4GSxxEE3aGtYw24gYjptAOiawZjehYw", "response_format": "json", "request_type": "subscribe"}, "echo": {}}

2025-09-17 02:17:48,253 [INFO] nuvama.WEBSOCKET: Quotes streaming started
2025-09-17 02:17:50,311 [DEBUG] nuvama.MARKET_DATA: Refreshed options for NIFTY expiry 0
2025-09-17 02:17:50,366 [DEBUG] nuvama.MARKET_DATA: Refreshed options for NIFTY expiry 1
2025-09-17 02:17:50,415 [DEBUG] nuvama.MARKET_DATA: Refreshed options for NIFTY expiry 2
2025-09-17 02:17:50,465 [DEBUG] nuvama.MARKET_DATA: Refreshed options for NIFTY expiry 3
2025-09-17 02:17:50,509 [DEBUG] nuvama.MARKET_DATA: Refreshed options for SENSEX expiry 0
2025-09-17 02:17:50,553 [DEBUG] nuvama.MARKET_DATA: Refreshed options for SENSEX expiry 1
2025-09-17 02:17:50,608 [DEBUG] nuvama.MARKET_DATA: Refreshed options for SENSEX expiry 2
2025-09-17 02:17:50,656 [DEBUG] nuvama.MARKET_DATA: Refreshed options for SENSEX expiry 3
2025-09-17 02:17:50,658 [INFO] nuvama.MARKET_DATA: Refreshing equity options for 386 symbols
2025-09-17 02:17:50,708 [INFO] nuvama.MARKET_DATA: Started strikes updates listener
2025-09-17 02:17:50,708 [INFO] nuvama.MARKET_DATA: Strikes updates subscription setup
2025-09-17 02:17:50,711 [INFO] nuvama.SYSTEM: Starting market data streaming (attempt 5)
2025-09-17 02:17:50,712 [WARNING] nuvama.SYSTEM: Market data streaming already running
2025-09-17 02:17:50,714 [ERROR] nuvama.API: API feed error detected
2025-09-17 02:17:50,716 [ERROR] nuvama.SYSTEM: Market data streaming error (restart 5/5)
2025-09-17 02:17:50,717 [CRITICAL] nuvama.SYSTEM: Maximum restart attempts reached, shutting down
2025-09-17 02:17:50,718 [INFO] nuvama.SYSTEM: Initiating graceful shutdown
2025-09-17 02:17:50,719 [DEBUG] feed.reduced_quotes_feed: Unsubscribing reduced quote feed with request: {"request": {"streaming_type": "quote", "data": {"accType": "EQ", "symbols": []}, "formFactor": "P", "appID": "eyJhbGciOiJIUzI1NiIsInR5cCI6IkpXVCJ9.eyJhcHAiOjAsImZmIjoiVyIsImJkIjoid2ViLXBjIiwibmJmIjoxNzUzNDI5MDE3LCJzcmMiOiJlbXRtdyIsImF2IjoiMi4wLjkiLCJhcHBpZCI6Ijk2MDk5MzE5MTQ4NzgxOWMzN2ZmZDBhZTlmMzEyYjQzIiwiaXNzIjoiZW10IiwiZXhwIjoxNzUzNDY4MjAwLCJpYXQiOjE3NTM0MjkzMTd9.uyTTEGoncLPh4GSxxEE3aGtYw24gYjptAOiawZjehYw", "response_format": "json", "request_type": "unsubscribe"}, "echo": {}}

2025-09-17 02:17:50,720 [DEBUG] feed.depth_feed: Unsubscribing depth feed with request: {"request": {"streaming_type": "quote2", "data": {"accType": "EQ", "symbols": []}, "formFactor": "P", "appID": "eyJhbGciOiJIUzI1NiIsInR5cCI6IkpXVCJ9.eyJhcHAiOjAsImZmIjoiVyIsImJkIjoid2ViLXBjIiwibmJmIjoxNzUzNDI5MDE3LCJzcmMiOiJlbXRtdyIsImF2IjoiMi4wLjkiLCJhcHBpZCI6Ijk2MDk5MzE5MTQ4NzgxOWMzN2ZmZDBhZTlmMzEyYjQzIiwiaXNzIjoiZW10IiwiZXhwIjoxNzUzNDY4MjAwLCJpYXQiOjE3NTM0MjkzMTd9.uyTTEGoncLPh4GSxxEE3aGtYw24gYjptAOiawZjehYw", "response_format": "json", "request_type": "unsubscribe"}, "echo": {}}

2025-09-17 02:17:50,720 [INFO] nuvama.MARKET_DATA: Stopping tick data manager
2025-09-17 02:17:50,720 [INFO] nuvama.MARKET_DATA: Strikes updates listener stopped
2025-09-17 02:20:00,739 [INFO] nuvama.SYSTEM: Received signal SIGINT, initiating graceful shutdown
2025-09-17 02:20:00,741 [INFO] nuvama.SYSTEM: Shutdown completed
2025-09-17 02:20:00,748 [INFO] nuvama.DATABASE: Redis connection established
2025-09-17 02:20:00,749 [INFO] constants.router: Router object is being created.
2025-09-17 02:20:00,750 [INFO] APIConnect.http: Http object is being created.
2025-09-17 02:20:00,750 [INFO] APIConnect.login_helper: LoginHelper object is being created.
2025-09-17 02:20:00,750 [INFO] APIConnect.order_helper: OrderHelper object is being created.
2025-09-17 02:20:00,752 [INFO] APIConnect.api_utils: Checking for new update.
2025-09-17 02:20:00,755 [DEBUG] urllib3.connectionpool: Starting new HTTPS connection (1): nc.nuvamawealth.com:443
2025-09-17 02:20:00,880 [DEBUG] urllib3.connectionpool: https://nc.nuvamawealth.com:443 "POST /edelmw-content/content/adhoc/lib/version/ HTTP/1.1" 401 193
2025-09-17 02:20:00,880 [DEBUG] APIConnect.http: Error response: {"appID":"960993191487819c37ffd0ae9f312b43","config":{},"error":{"actCd":"52","errCd":"EGN0011","errMsg":"Session Expired"},"msgID":"cc3286d1-8921-4cf7-91a7-2d70d75de61b","srvTm":1758055800512}
2025-09-17 02:20:00,880 [DEBUG] APIConnect.api_utils: Response received: 
2025-09-17 02:20:00,881 [INFO] nuvama.API: API connection initialized
2025-09-17 02:20:00,895 [INFO] nuvama.MARKET_DATA: Tick data manager initialized
2025-09-17 02:20:01,634 [INFO] nuvama.SYSTEM: Common functions initialized
2025-09-17 02:20:01,636 [INFO] nuvama.WEBSOCKET: Streaming components initialized
2025-09-17 02:20:01,638 [INFO] nuvama.MARKET_DATA: Loaded 798 option instruments from cache
2025-09-17 02:20:01,640 [DEBUG] feed.reduced_quotes_feed: Subscribing Reduced quote feed with request: {"request": {"streaming_type": "quote", "data": {"accType": "EQ", "symbols": [{"symbol": "-29"}, {"symbol": "-101"}]}, "formFactor": "P", "appID": "eyJhbGciOiJIUzI1NiIsInR5cCI6IkpXVCJ9.eyJhcHAiOjAsImZmIjoiVyIsImJkIjoid2ViLXBjIiwibmJmIjoxNzUzNDI5MDE3LCJzcmMiOiJlbXRtdyIsImF2IjoiMi4wLjkiLCJhcHBpZCI6Ijk2MDk5MzE5MTQ4NzgxOWMzN2ZmZDBhZTlmMzEyYjQzIiwiaXNzIjoiZW10IiwiZXhwIjoxNzUzNDY4MjAwLCJpYXQiOjE3NTM0MjkzMTd9.uyTTEGoncLPh4GSxxEE3aGtYw24gYjptAOiawZjehYw", "response_format": "json", "request_type": "subscribe"}, "echo": {}}

2025-09-17 02:20:01,640 [INFO] nuvama.WEBSOCKET: Quotes streaming started
2025-09-17 02:20:03,701 [DEBUG] nuvama.MARKET_DATA: Refreshed options for NIFTY expiry 0
2025-09-17 02:20:03,750 [DEBUG] nuvama.MARKET_DATA: Refreshed options for NIFTY expiry 1
2025-09-17 02:20:03,797 [DEBUG] nuvama.MARKET_DATA: Refreshed options for NIFTY expiry 2
2025-09-17 02:20:03,844 [DEBUG] nuvama.MARKET_DATA: Refreshed options for NIFTY expiry 3
2025-09-17 02:20:03,886 [DEBUG] nuvama.MARKET_DATA: Refreshed options for SENSEX expiry 0
2025-09-17 02:20:03,927 [DEBUG] nuvama.MARKET_DATA: Refreshed options for SENSEX expiry 1
2025-09-17 02:20:03,970 [DEBUG] nuvama.MARKET_DATA: Refreshed options for SENSEX expiry 2
2025-09-17 02:20:04,014 [DEBUG] nuvama.MARKET_DATA: Refreshed options for SENSEX expiry 3
2025-09-17 02:20:04,016 [INFO] nuvama.MARKET_DATA: Refreshing equity options for 386 symbols
2025-09-17 02:20:04,065 [INFO] nuvama.MARKET_DATA: Started strikes updates listener
2025-09-17 02:20:04,065 [INFO] nuvama.MARKET_DATA: Strikes updates subscription setup
2025-09-17 02:20:04,067 [INFO] nuvama.SYSTEM: CentralSocketDataManager initialized successfully
2025-09-17 02:20:04,069 [INFO] nuvama.SYSTEM: Starting market data streaming (attempt 1)
2025-09-17 02:20:04,070 [WARNING] nuvama.SYSTEM: Market data streaming already running
2025-09-17 02:20:04,075 [ERROR] nuvama.API: API feed error detected
2025-09-17 02:20:04,077 [ERROR] nuvama.SYSTEM: Market data streaming error (restart 1/5)
2025-09-17 02:20:04,077 [INFO] nuvama.SYSTEM: Restarting in 10 seconds...
2025-09-17 02:20:05,087 [INFO] nuvama.SYSTEM: Received signal SIGINT, initiating graceful shutdown
2025-09-17 02:20:05,089 [INFO] nuvama.SYSTEM: Initiating graceful shutdown
2025-09-17 02:20:05,091 [DEBUG] feed.reduced_quotes_feed: Unsubscribing reduced quote feed with request: {"request": {"streaming_type": "quote", "data": {"accType": "EQ", "symbols": []}, "formFactor": "P", "appID": "eyJhbGciOiJIUzI1NiIsInR5cCI6IkpXVCJ9.eyJhcHAiOjAsImZmIjoiVyIsImJkIjoid2ViLXBjIiwibmJmIjoxNzUzNDI5MDE3LCJzcmMiOiJlbXRtdyIsImF2IjoiMi4wLjkiLCJhcHBpZCI6Ijk2MDk5MzE5MTQ4NzgxOWMzN2ZmZDBhZTlmMzEyYjQzIiwiaXNzIjoiZW10IiwiZXhwIjoxNzUzNDY4MjAwLCJpYXQiOjE3NTM0MjkzMTd9.uyTTEGoncLPh4GSxxEE3aGtYw24gYjptAOiawZjehYw", "response_format": "json", "request_type": "unsubscribe"}, "echo": {}}

2025-09-17 02:20:05,092 [DEBUG] feed.depth_feed: Unsubscribing depth feed with request: {"request": {"streaming_type": "quote2", "data": {"accType": "EQ", "symbols": []}, "formFactor": "P", "appID": "eyJhbGciOiJIUzI1NiIsInR5cCI6IkpXVCJ9.eyJhcHAiOjAsImZmIjoiVyIsImJkIjoid2ViLXBjIiwibmJmIjoxNzUzNDI5MDE3LCJzcmMiOiJlbXRtdyIsImF2IjoiMi4wLjkiLCJhcHBpZCI6Ijk2MDk5MzE5MTQ4NzgxOWMzN2ZmZDBhZTlmMzEyYjQzIiwiaXNzIjoiZW10IiwiZXhwIjoxNzUzNDY4MjAwLCJpYXQiOjE3NTM0MjkzMTd9.uyTTEGoncLPh4GSxxEE3aGtYw24gYjptAOiawZjehYw", "response_format": "json", "request_type": "unsubscribe"}, "echo": {}}

2025-09-17 02:20:05,092 [INFO] nuvama.MARKET_DATA: Stopping tick data manager
2025-09-17 02:20:05,093 [INFO] nuvama.MARKET_DATA: Strikes updates listener stopped
2025-09-17 02:20:05,305 [INFO] nuvama.SYSTEM: Received signal SIGINT, initiating graceful shutdown
2025-09-17 02:20:05,498 [INFO] nuvama.SYSTEM: Received signal SIGINT, initiating graceful shutdown
2025-09-17 02:25:22,787 [INFO] nuvama.DATABASE: Redis connection established
2025-09-17 02:25:22,788 [INFO] constants.router: Router object is being created.
2025-09-17 02:25:22,789 [INFO] APIConnect.http: Http object is being created.
2025-09-17 02:25:22,789 [INFO] APIConnect.login_helper: LoginHelper object is being created.
2025-09-17 02:25:22,789 [INFO] APIConnect.order_helper: OrderHelper object is being created.
2025-09-17 02:25:22,791 [INFO] APIConnect.api_utils: Checking for new update.
2025-09-17 02:25:22,795 [DEBUG] urllib3.connectionpool: Starting new HTTPS connection (1): nc.nuvamawealth.com:443
2025-09-17 02:25:22,981 [DEBUG] urllib3.connectionpool: https://nc.nuvamawealth.com:443 "POST /edelmw-content/content/adhoc/lib/version/ HTTP/1.1" 200 None
2025-09-17 02:25:22,982 [DEBUG] APIConnect.api_utils: Response received: {'appID': '960993191487819c37ffd0ae9f312b43', 'config': {'app': 1, 'bseExp': 1757980822709, 'exp': 1757980822689, 'info': 4}, 'data': {'type': 'libVsnResponseDao', 'msg': '', 'sts': True, 'vsn': '2.0.2'}, 'msgID': 'bd3cdd4e-f8bb-4edb-ba54-36f846c25ebc', 'srvTm': 1758056122634}
2025-09-17 02:25:22,982 [INFO] nuvama.API: API connection initialized
2025-09-17 02:25:22,996 [INFO] nuvama.MARKET_DATA: Tick data manager initialized
2025-09-17 02:25:23,703 [INFO] nuvama.SYSTEM: Common functions initialized
2025-09-17 02:25:23,704 [INFO] nuvama.WEBSOCKET: Streaming components initialized
2025-09-17 02:25:23,706 [INFO] nuvama.MARKET_DATA: Loaded 798 option instruments from cache
2025-09-17 02:25:23,707 [DEBUG] feed.reduced_quotes_feed: Subscribing Reduced quote feed with request: {"request": {"streaming_type": "quote", "data": {"accType": "EQ", "symbols": [{"symbol": "-29"}, {"symbol": "-101"}]}, "formFactor": "P", "appID": "eyJhbGciOiJIUzI1NiIsInR5cCI6IkpXVCJ9.eyJhcHAiOjAsImZmIjoiVyIsImJkIjoid2ViLXBjIiwibmJmIjoxNzUzNDI5MDE3LCJzcmMiOiJlbXRtdyIsImF2IjoiMi4wLjkiLCJhcHBpZCI6Ijk2MDk5MzE5MTQ4NzgxOWMzN2ZmZDBhZTlmMzEyYjQzIiwiaXNzIjoiZW10IiwiZXhwIjoxNzUzNDY4MjAwLCJpYXQiOjE3NTM0MjkzMTd9.uyTTEGoncLPh4GSxxEE3aGtYw24gYjptAOiawZjehYw", "response_format": "json", "request_type": "subscribe"}, "echo": {}}

2025-09-17 02:25:23,708 [INFO] nuvama.WEBSOCKET: Quotes streaming started
2025-09-17 02:25:25,754 [DEBUG] nuvama.MARKET_DATA: Refreshed options for NIFTY expiry 0
2025-09-17 02:25:25,797 [DEBUG] nuvama.MARKET_DATA: Refreshed options for NIFTY expiry 1
2025-09-17 02:25:25,840 [DEBUG] nuvama.MARKET_DATA: Refreshed options for NIFTY expiry 2
2025-09-17 02:25:25,882 [DEBUG] nuvama.MARKET_DATA: Refreshed options for NIFTY expiry 3
2025-09-17 02:25:25,919 [DEBUG] nuvama.MARKET_DATA: Refreshed options for SENSEX expiry 0
2025-09-17 02:25:25,956 [DEBUG] nuvama.MARKET_DATA: Refreshed options for SENSEX expiry 1
2025-09-17 02:25:26,001 [DEBUG] nuvama.MARKET_DATA: Refreshed options for SENSEX expiry 2
2025-09-17 02:25:26,038 [DEBUG] nuvama.MARKET_DATA: Refreshed options for SENSEX expiry 3
2025-09-17 02:25:26,040 [INFO] nuvama.MARKET_DATA: Refreshing equity options for 386 symbols
2025-09-17 02:25:26,085 [INFO] nuvama.MARKET_DATA: Started strikes updates listener
2025-09-17 02:25:26,085 [INFO] nuvama.MARKET_DATA: Strikes updates subscription setup
2025-09-17 02:25:26,087 [INFO] nuvama.SYSTEM: CentralSocketDataManager initialized successfully
2025-09-17 02:25:26,087 [INFO] nuvama.SYSTEM: Starting market data streaming (attempt 1)
2025-09-17 02:25:26,088 [WARNING] nuvama.SYSTEM: Market data streaming already running
2025-09-17 02:25:26,092 [ERROR] nuvama.API: API feed error detected
2025-09-17 02:25:26,094 [ERROR] nuvama.SYSTEM: Market data streaming error (restart 1/5)
2025-09-17 02:25:26,094 [INFO] nuvama.SYSTEM: Restarting in 10 seconds...
2025-09-17 02:25:36,093 [DEBUG] feed.reduced_quotes_feed: Unsubscribing reduced quote feed with request: {"request": {"streaming_type": "quote", "data": {"accType": "EQ", "symbols": []}, "formFactor": "P", "appID": "eyJhbGciOiJIUzI1NiIsInR5cCI6IkpXVCJ9.eyJhcHAiOjAsImZmIjoiVyIsImJkIjoid2ViLXBjIiwibmJmIjoxNzUzNDI5MDE3LCJzcmMiOiJlbXRtdyIsImF2IjoiMi4wLjkiLCJhcHBpZCI6Ijk2MDk5MzE5MTQ4NzgxOWMzN2ZmZDBhZTlmMzEyYjQzIiwiaXNzIjoiZW10IiwiZXhwIjoxNzUzNDY4MjAwLCJpYXQiOjE3NTM0MjkzMTd9.uyTTEGoncLPh4GSxxEE3aGtYw24gYjptAOiawZjehYw", "response_format": "json", "request_type": "unsubscribe"}, "echo": {}}

2025-09-17 02:25:36,093 [DEBUG] feed.depth_feed: Unsubscribing depth feed with request: {"request": {"streaming_type": "quote2", "data": {"accType": "EQ", "symbols": []}, "formFactor": "P", "appID": "eyJhbGciOiJIUzI1NiIsInR5cCI6IkpXVCJ9.eyJhcHAiOjAsImZmIjoiVyIsImJkIjoid2ViLXBjIiwibmJmIjoxNzUzNDI5MDE3LCJzcmMiOiJlbXRtdyIsImF2IjoiMi4wLjkiLCJhcHBpZCI6Ijk2MDk5MzE5MTQ4NzgxOWMzN2ZmZDBhZTlmMzEyYjQzIiwiaXNzIjoiZW10IiwiZXhwIjoxNzUzNDY4MjAwLCJpYXQiOjE3NTM0MjkzMTd9.uyTTEGoncLPh4GSxxEE3aGtYw24gYjptAOiawZjehYw", "response_format": "json", "request_type": "unsubscribe"}, "echo": {}}

2025-09-17 02:25:36,095 [INFO] nuvama.DATABASE: Redis connection established
2025-09-17 02:25:36,096 [INFO] constants.router: Router object is being created.
2025-09-17 02:25:36,096 [INFO] APIConnect.http: Http object is being created.
2025-09-17 02:25:36,096 [INFO] APIConnect.login_helper: LoginHelper object is being created.
2025-09-17 02:25:36,097 [INFO] APIConnect.order_helper: OrderHelper object is being created.
2025-09-17 02:25:36,098 [INFO] APIConnect.api_utils: Checking for new update.
2025-09-17 02:25:36,102 [DEBUG] urllib3.connectionpool: Starting new HTTPS connection (1): nc.nuvamawealth.com:443
2025-09-17 02:25:36,112 [ERROR] nuvama.MARKET_DATA: Strikes updates listener error
2025-09-17 02:25:36,113 [INFO] nuvama.MARKET_DATA: Strikes updates listener stopped
2025-09-17 02:25:36,270 [DEBUG] urllib3.connectionpool: https://nc.nuvamawealth.com:443 "POST /edelmw-content/content/adhoc/lib/version/ HTTP/1.1" 200 None
2025-09-17 02:25:36,271 [DEBUG] APIConnect.api_utils: Response received: {'appID': '960993191487819c37ffd0ae9f312b43', 'config': {'app': 1, 'bseExp': 1757980822709, 'exp': 1757980822689, 'info': 4}, 'data': {'type': 'libVsnResponseDao', 'msg': '', 'sts': True, 'vsn': '2.0.2'}, 'msgID': '08d4832f-6871-4d99-b28a-93ab1d396a68', 'srvTm': 1758056135924}
2025-09-17 02:25:36,272 [INFO] nuvama.API: API connection initialized
2025-09-17 02:25:36,282 [INFO] nuvama.MARKET_DATA: Tick data manager initialized
2025-09-17 02:25:37,015 [INFO] nuvama.SYSTEM: Common functions initialized
2025-09-17 02:25:37,017 [INFO] nuvama.WEBSOCKET: Streaming components initialized
2025-09-17 02:25:37,019 [INFO] nuvama.MARKET_DATA: Loaded 798 option instruments from cache
2025-09-17 02:25:37,020 [DEBUG] feed.reduced_quotes_feed: Subscribing Reduced quote feed with request: {"request": {"streaming_type": "quote", "data": {"accType": "EQ", "symbols": [{"symbol": "-29"}, {"symbol": "-101"}]}, "formFactor": "P", "appID": "eyJhbGciOiJIUzI1NiIsInR5cCI6IkpXVCJ9.eyJhcHAiOjAsImZmIjoiVyIsImJkIjoid2ViLXBjIiwibmJmIjoxNzUzNDI5MDE3LCJzcmMiOiJlbXRtdyIsImF2IjoiMi4wLjkiLCJhcHBpZCI6Ijk2MDk5MzE5MTQ4NzgxOWMzN2ZmZDBhZTlmMzEyYjQzIiwiaXNzIjoiZW10IiwiZXhwIjoxNzUzNDY4MjAwLCJpYXQiOjE3NTM0MjkzMTd9.uyTTEGoncLPh4GSxxEE3aGtYw24gYjptAOiawZjehYw", "response_format": "json", "request_type": "subscribe"}, "echo": {}}

2025-09-17 02:25:37,020 [INFO] nuvama.WEBSOCKET: Quotes streaming started
2025-09-17 02:25:39,064 [DEBUG] nuvama.MARKET_DATA: Refreshed options for NIFTY expiry 0
2025-09-17 02:25:39,109 [DEBUG] nuvama.MARKET_DATA: Refreshed options for NIFTY expiry 1
2025-09-17 02:25:39,160 [DEBUG] nuvama.MARKET_DATA: Refreshed options for NIFTY expiry 2
2025-09-17 02:25:39,204 [DEBUG] nuvama.MARKET_DATA: Refreshed options for NIFTY expiry 3
2025-09-17 02:25:39,242 [DEBUG] nuvama.MARKET_DATA: Refreshed options for SENSEX expiry 0
2025-09-17 02:25:39,289 [DEBUG] nuvama.MARKET_DATA: Refreshed options for SENSEX expiry 1
2025-09-17 02:25:39,328 [DEBUG] nuvama.MARKET_DATA: Refreshed options for SENSEX expiry 2
2025-09-17 02:25:39,373 [DEBUG] nuvama.MARKET_DATA: Refreshed options for SENSEX expiry 3
2025-09-17 02:25:39,375 [INFO] nuvama.MARKET_DATA: Refreshing equity options for 386 symbols
2025-09-17 02:25:39,422 [INFO] nuvama.MARKET_DATA: Started strikes updates listener
2025-09-17 02:25:39,422 [INFO] nuvama.MARKET_DATA: Strikes updates subscription setup
2025-09-17 02:25:39,423 [INFO] nuvama.SYSTEM: Starting market data streaming (attempt 2)
2025-09-17 02:25:39,424 [WARNING] nuvama.SYSTEM: Market data streaming already running
2025-09-17 02:25:39,426 [ERROR] nuvama.API: API feed error detected
2025-09-17 02:25:39,427 [ERROR] nuvama.SYSTEM: Market data streaming error (restart 2/5)
2025-09-17 02:25:39,428 [INFO] nuvama.SYSTEM: Restarting in 10 seconds...
2025-09-17 02:25:49,429 [DEBUG] feed.reduced_quotes_feed: Unsubscribing reduced quote feed with request: {"request": {"streaming_type": "quote", "data": {"accType": "EQ", "symbols": []}, "formFactor": "P", "appID": "eyJhbGciOiJIUzI1NiIsInR5cCI6IkpXVCJ9.eyJhcHAiOjAsImZmIjoiVyIsImJkIjoid2ViLXBjIiwibmJmIjoxNzUzNDI5MDE3LCJzcmMiOiJlbXRtdyIsImF2IjoiMi4wLjkiLCJhcHBpZCI6Ijk2MDk5MzE5MTQ4NzgxOWMzN2ZmZDBhZTlmMzEyYjQzIiwiaXNzIjoiZW10IiwiZXhwIjoxNzUzNDY4MjAwLCJpYXQiOjE3NTM0MjkzMTd9.uyTTEGoncLPh4GSxxEE3aGtYw24gYjptAOiawZjehYw", "response_format": "json", "request_type": "unsubscribe"}, "echo": {}}

2025-09-17 02:25:49,429 [DEBUG] feed.depth_feed: Unsubscribing depth feed with request: {"request": {"streaming_type": "quote2", "data": {"accType": "EQ", "symbols": []}, "formFactor": "P", "appID": "eyJhbGciOiJIUzI1NiIsInR5cCI6IkpXVCJ9.eyJhcHAiOjAsImZmIjoiVyIsImJkIjoid2ViLXBjIiwibmJmIjoxNzUzNDI5MDE3LCJzcmMiOiJlbXRtdyIsImF2IjoiMi4wLjkiLCJhcHBpZCI6Ijk2MDk5MzE5MTQ4NzgxOWMzN2ZmZDBhZTlmMzEyYjQzIiwiaXNzIjoiZW10IiwiZXhwIjoxNzUzNDY4MjAwLCJpYXQiOjE3NTM0MjkzMTd9.uyTTEGoncLPh4GSxxEE3aGtYw24gYjptAOiawZjehYw", "response_format": "json", "request_type": "unsubscribe"}, "echo": {}}

2025-09-17 02:25:49,430 [INFO] nuvama.DATABASE: Redis connection established
2025-09-17 02:25:49,432 [INFO] constants.router: Router object is being created.
2025-09-17 02:25:49,432 [INFO] APIConnect.http: Http object is being created.
2025-09-17 02:25:49,432 [INFO] APIConnect.login_helper: LoginHelper object is being created.
2025-09-17 02:25:49,432 [INFO] APIConnect.order_helper: OrderHelper object is being created.
2025-09-17 02:25:49,435 [INFO] APIConnect.api_utils: Checking for new update.
2025-09-17 02:25:49,437 [DEBUG] urllib3.connectionpool: Starting new HTTPS connection (1): nc.nuvamawealth.com:443
2025-09-17 02:25:49,437 [ERROR] nuvama.MARKET_DATA: Strikes updates listener error
2025-09-17 02:25:49,438 [INFO] nuvama.MARKET_DATA: Strikes updates listener stopped
2025-09-17 02:25:49,599 [DEBUG] urllib3.connectionpool: https://nc.nuvamawealth.com:443 "POST /edelmw-content/content/adhoc/lib/version/ HTTP/1.1" 200 None
2025-09-17 02:25:49,600 [DEBUG] APIConnect.api_utils: Response received: {'appID': '960993191487819c37ffd0ae9f312b43', 'config': {'app': 1, 'bseExp': 1757980822709, 'exp': 1757980822689, 'info': 4}, 'data': {'type': 'libVsnResponseDao', 'msg': '', 'sts': True, 'vsn': '2.0.2'}, 'msgID': 'ead343ad-ce51-41e0-83d6-22a1dc2f7037', 'srvTm': 1758056149254}
2025-09-17 02:25:49,601 [INFO] nuvama.API: API connection initialized
2025-09-17 02:25:49,612 [INFO] nuvama.MARKET_DATA: Tick data manager initialized
2025-09-17 02:25:50,381 [INFO] nuvama.SYSTEM: Common functions initialized
2025-09-17 02:25:50,383 [INFO] nuvama.WEBSOCKET: Streaming components initialized
2025-09-17 02:25:50,385 [INFO] nuvama.MARKET_DATA: Loaded 798 option instruments from cache
2025-09-17 02:25:50,386 [DEBUG] feed.reduced_quotes_feed: Subscribing Reduced quote feed with request: {"request": {"streaming_type": "quote", "data": {"accType": "EQ", "symbols": [{"symbol": "-29"}, {"symbol": "-101"}]}, "formFactor": "P", "appID": "eyJhbGciOiJIUzI1NiIsInR5cCI6IkpXVCJ9.eyJhcHAiOjAsImZmIjoiVyIsImJkIjoid2ViLXBjIiwibmJmIjoxNzUzNDI5MDE3LCJzcmMiOiJlbXRtdyIsImF2IjoiMi4wLjkiLCJhcHBpZCI6Ijk2MDk5MzE5MTQ4NzgxOWMzN2ZmZDBhZTlmMzEyYjQzIiwiaXNzIjoiZW10IiwiZXhwIjoxNzUzNDY4MjAwLCJpYXQiOjE3NTM0MjkzMTd9.uyTTEGoncLPh4GSxxEE3aGtYw24gYjptAOiawZjehYw", "response_format": "json", "request_type": "subscribe"}, "echo": {}}

2025-09-17 02:25:50,386 [INFO] nuvama.WEBSOCKET: Quotes streaming started
2025-09-17 02:25:52,440 [DEBUG] nuvama.MARKET_DATA: Refreshed options for NIFTY expiry 0
2025-09-17 02:25:52,492 [DEBUG] nuvama.MARKET_DATA: Refreshed options for NIFTY expiry 1
2025-09-17 02:25:52,544 [DEBUG] nuvama.MARKET_DATA: Refreshed options for NIFTY expiry 2
2025-09-17 02:25:52,594 [DEBUG] nuvama.MARKET_DATA: Refreshed options for NIFTY expiry 3
2025-09-17 02:25:52,640 [DEBUG] nuvama.MARKET_DATA: Refreshed options for SENSEX expiry 0
2025-09-17 02:25:52,686 [DEBUG] nuvama.MARKET_DATA: Refreshed options for SENSEX expiry 1
2025-09-17 02:25:52,731 [DEBUG] nuvama.MARKET_DATA: Refreshed options for SENSEX expiry 2
2025-09-17 02:25:52,777 [DEBUG] nuvama.MARKET_DATA: Refreshed options for SENSEX expiry 3
2025-09-17 02:25:52,778 [INFO] nuvama.MARKET_DATA: Refreshing equity options for 386 symbols
2025-09-17 02:25:52,832 [INFO] nuvama.MARKET_DATA: Started strikes updates listener
2025-09-17 02:25:52,832 [INFO] nuvama.MARKET_DATA: Strikes updates subscription setup
2025-09-17 02:25:52,833 [INFO] nuvama.SYSTEM: Starting market data streaming (attempt 3)
2025-09-17 02:25:52,834 [WARNING] nuvama.SYSTEM: Market data streaming already running
2025-09-17 02:25:52,836 [ERROR] nuvama.API: API feed error detected
2025-09-17 02:25:52,838 [ERROR] nuvama.SYSTEM: Market data streaming error (restart 3/5)
2025-09-17 02:25:52,839 [INFO] nuvama.SYSTEM: Restarting in 10 seconds...
2025-09-17 02:26:02,840 [DEBUG] feed.reduced_quotes_feed: Unsubscribing reduced quote feed with request: {"request": {"streaming_type": "quote", "data": {"accType": "EQ", "symbols": []}, "formFactor": "P", "appID": "eyJhbGciOiJIUzI1NiIsInR5cCI6IkpXVCJ9.eyJhcHAiOjAsImZmIjoiVyIsImJkIjoid2ViLXBjIiwibmJmIjoxNzUzNDI5MDE3LCJzcmMiOiJlbXRtdyIsImF2IjoiMi4wLjkiLCJhcHBpZCI6Ijk2MDk5MzE5MTQ4NzgxOWMzN2ZmZDBhZTlmMzEyYjQzIiwiaXNzIjoiZW10IiwiZXhwIjoxNzUzNDY4MjAwLCJpYXQiOjE3NTM0MjkzMTd9.uyTTEGoncLPh4GSxxEE3aGtYw24gYjptAOiawZjehYw", "response_format": "json", "request_type": "unsubscribe"}, "echo": {}}

2025-09-17 02:26:02,840 [DEBUG] feed.depth_feed: Unsubscribing depth feed with request: {"request": {"streaming_type": "quote2", "data": {"accType": "EQ", "symbols": []}, "formFactor": "P", "appID": "eyJhbGciOiJIUzI1NiIsInR5cCI6IkpXVCJ9.eyJhcHAiOjAsImZmIjoiVyIsImJkIjoid2ViLXBjIiwibmJmIjoxNzUzNDI5MDE3LCJzcmMiOiJlbXRtdyIsImF2IjoiMi4wLjkiLCJhcHBpZCI6Ijk2MDk5MzE5MTQ4NzgxOWMzN2ZmZDBhZTlmMzEyYjQzIiwiaXNzIjoiZW10IiwiZXhwIjoxNzUzNDY4MjAwLCJpYXQiOjE3NTM0MjkzMTd9.uyTTEGoncLPh4GSxxEE3aGtYw24gYjptAOiawZjehYw", "response_format": "json", "request_type": "unsubscribe"}, "echo": {}}

2025-09-17 02:26:02,841 [INFO] nuvama.DATABASE: Redis connection established
2025-09-17 02:26:02,842 [INFO] constants.router: Router object is being created.
2025-09-17 02:26:02,842 [INFO] APIConnect.http: Http object is being created.
2025-09-17 02:26:02,843 [INFO] APIConnect.login_helper: LoginHelper object is being created.
2025-09-17 02:26:02,843 [INFO] APIConnect.order_helper: OrderHelper object is being created.
2025-09-17 02:26:02,845 [INFO] APIConnect.api_utils: Checking for new update.
2025-09-17 02:26:02,847 [ERROR] nuvama.MARKET_DATA: Strikes updates listener error
2025-09-17 02:26:02,848 [DEBUG] urllib3.connectionpool: Starting new HTTPS connection (1): nc.nuvamawealth.com:443
2025-09-17 02:26:02,848 [INFO] nuvama.MARKET_DATA: Strikes updates listener stopped
2025-09-17 02:26:03,010 [DEBUG] urllib3.connectionpool: https://nc.nuvamawealth.com:443 "POST /edelmw-content/content/adhoc/lib/version/ HTTP/1.1" 200 None
2025-09-17 02:26:03,013 [DEBUG] APIConnect.api_utils: Response received: {'appID': '960993191487819c37ffd0ae9f312b43', 'config': {'app': 1, 'bseExp': 1757980822709, 'exp': 1757980822689, 'info': 4}, 'data': {'type': 'libVsnResponseDao', 'msg': '', 'sts': True, 'vsn': '2.0.2'}, 'msgID': '0471baaf-1050-47a6-98fc-a7aca9d079df', 'srvTm': 1758056162661}
2025-09-17 02:26:03,015 [INFO] nuvama.API: API connection initialized
2025-09-17 02:26:03,024 [INFO] nuvama.MARKET_DATA: Tick data manager initialized
2025-09-17 02:26:03,851 [INFO] nuvama.SYSTEM: Common functions initialized
2025-09-17 02:26:03,852 [INFO] nuvama.WEBSOCKET: Streaming components initialized
2025-09-17 02:26:03,854 [INFO] nuvama.MARKET_DATA: Loaded 798 option instruments from cache
2025-09-17 02:26:03,855 [DEBUG] feed.reduced_quotes_feed: Subscribing Reduced quote feed with request: {"request": {"streaming_type": "quote", "data": {"accType": "EQ", "symbols": [{"symbol": "-29"}, {"symbol": "-101"}]}, "formFactor": "P", "appID": "eyJhbGciOiJIUzI1NiIsInR5cCI6IkpXVCJ9.eyJhcHAiOjAsImZmIjoiVyIsImJkIjoid2ViLXBjIiwibmJmIjoxNzUzNDI5MDE3LCJzcmMiOiJlbXRtdyIsImF2IjoiMi4wLjkiLCJhcHBpZCI6Ijk2MDk5MzE5MTQ4NzgxOWMzN2ZmZDBhZTlmMzEyYjQzIiwiaXNzIjoiZW10IiwiZXhwIjoxNzUzNDY4MjAwLCJpYXQiOjE3NTM0MjkzMTd9.uyTTEGoncLPh4GSxxEE3aGtYw24gYjptAOiawZjehYw", "response_format": "json", "request_type": "subscribe"}, "echo": {}}

2025-09-17 02:26:03,856 [INFO] nuvama.WEBSOCKET: Quotes streaming started
2025-09-17 02:26:05,905 [DEBUG] nuvama.MARKET_DATA: Refreshed options for NIFTY expiry 0
2025-09-17 02:26:05,956 [DEBUG] nuvama.MARKET_DATA: Refreshed options for NIFTY expiry 1
2025-09-17 02:26:06,007 [DEBUG] nuvama.MARKET_DATA: Refreshed options for NIFTY expiry 2
2025-09-17 02:26:06,056 [DEBUG] nuvama.MARKET_DATA: Refreshed options for NIFTY expiry 3
2025-09-17 02:26:06,099 [DEBUG] nuvama.MARKET_DATA: Refreshed options for SENSEX expiry 0
2025-09-17 02:26:06,141 [DEBUG] nuvama.MARKET_DATA: Refreshed options for SENSEX expiry 1
2025-09-17 02:26:06,185 [DEBUG] nuvama.MARKET_DATA: Refreshed options for SENSEX expiry 2
2025-09-17 02:26:06,227 [DEBUG] nuvama.MARKET_DATA: Refreshed options for SENSEX expiry 3
2025-09-17 02:26:06,229 [INFO] nuvama.MARKET_DATA: Refreshing equity options for 386 symbols
2025-09-17 02:26:06,280 [INFO] nuvama.MARKET_DATA: Started strikes updates listener
2025-09-17 02:26:06,280 [INFO] nuvama.MARKET_DATA: Strikes updates subscription setup
2025-09-17 02:26:06,282 [INFO] nuvama.SYSTEM: Starting market data streaming (attempt 4)
2025-09-17 02:26:06,283 [WARNING] nuvama.SYSTEM: Market data streaming already running
2025-09-17 02:26:06,285 [ERROR] nuvama.API: API feed error detected
2025-09-17 02:26:06,286 [ERROR] nuvama.SYSTEM: Market data streaming error (restart 4/5)
2025-09-17 02:26:06,287 [INFO] nuvama.SYSTEM: Restarting in 10 seconds...
2025-09-17 02:26:16,288 [DEBUG] feed.reduced_quotes_feed: Unsubscribing reduced quote feed with request: {"request": {"streaming_type": "quote", "data": {"accType": "EQ", "symbols": []}, "formFactor": "P", "appID": "eyJhbGciOiJIUzI1NiIsInR5cCI6IkpXVCJ9.eyJhcHAiOjAsImZmIjoiVyIsImJkIjoid2ViLXBjIiwibmJmIjoxNzUzNDI5MDE3LCJzcmMiOiJlbXRtdyIsImF2IjoiMi4wLjkiLCJhcHBpZCI6Ijk2MDk5MzE5MTQ4NzgxOWMzN2ZmZDBhZTlmMzEyYjQzIiwiaXNzIjoiZW10IiwiZXhwIjoxNzUzNDY4MjAwLCJpYXQiOjE3NTM0MjkzMTd9.uyTTEGoncLPh4GSxxEE3aGtYw24gYjptAOiawZjehYw", "response_format": "json", "request_type": "unsubscribe"}, "echo": {}}

2025-09-17 02:26:16,289 [DEBUG] feed.depth_feed: Unsubscribing depth feed with request: {"request": {"streaming_type": "quote2", "data": {"accType": "EQ", "symbols": []}, "formFactor": "P", "appID": "eyJhbGciOiJIUzI1NiIsInR5cCI6IkpXVCJ9.eyJhcHAiOjAsImZmIjoiVyIsImJkIjoid2ViLXBjIiwibmJmIjoxNzUzNDI5MDE3LCJzcmMiOiJlbXRtdyIsImF2IjoiMi4wLjkiLCJhcHBpZCI6Ijk2MDk5MzE5MTQ4NzgxOWMzN2ZmZDBhZTlmMzEyYjQzIiwiaXNzIjoiZW10IiwiZXhwIjoxNzUzNDY4MjAwLCJpYXQiOjE3NTM0MjkzMTd9.uyTTEGoncLPh4GSxxEE3aGtYw24gYjptAOiawZjehYw", "response_format": "json", "request_type": "unsubscribe"}, "echo": {}}

2025-09-17 02:26:16,290 [INFO] nuvama.DATABASE: Redis connection established
2025-09-17 02:26:16,291 [INFO] constants.router: Router object is being created.
2025-09-17 02:26:16,291 [INFO] APIConnect.http: Http object is being created.
2025-09-17 02:26:16,291 [INFO] APIConnect.login_helper: LoginHelper object is being created.
2025-09-17 02:26:16,292 [INFO] APIConnect.order_helper: OrderHelper object is being created.
2025-09-17 02:26:16,294 [INFO] APIConnect.api_utils: Checking for new update.
2025-09-17 02:26:16,296 [ERROR] nuvama.MARKET_DATA: Strikes updates listener error
2025-09-17 02:26:16,297 [DEBUG] urllib3.connectionpool: Starting new HTTPS connection (1): nc.nuvamawealth.com:443
2025-09-17 02:26:16,297 [INFO] nuvama.MARKET_DATA: Strikes updates listener stopped
2025-09-17 02:26:16,464 [DEBUG] urllib3.connectionpool: https://nc.nuvamawealth.com:443 "POST /edelmw-content/content/adhoc/lib/version/ HTTP/1.1" 200 None
2025-09-17 02:26:16,465 [DEBUG] APIConnect.api_utils: Response received: {'appID': '960993191487819c37ffd0ae9f312b43', 'config': {'app': 1, 'bseExp': 1757980822709, 'exp': 1757980822689, 'info': 4}, 'data': {'type': 'libVsnResponseDao', 'msg': '', 'sts': True, 'vsn': '2.0.2'}, 'msgID': '1c9ae0ac-254f-439d-a785-86cc000ec642', 'srvTm': 1758056176121}
2025-09-17 02:26:16,466 [INFO] nuvama.API: API connection initialized
2025-09-17 02:26:16,476 [INFO] nuvama.MARKET_DATA: Tick data manager initialized
2025-09-17 02:26:17,289 [INFO] nuvama.SYSTEM: Common functions initialized
2025-09-17 02:26:17,290 [INFO] nuvama.WEBSOCKET: Streaming components initialized
2025-09-17 02:26:17,292 [INFO] nuvama.MARKET_DATA: Loaded 798 option instruments from cache
2025-09-17 02:26:17,293 [DEBUG] feed.reduced_quotes_feed: Subscribing Reduced quote feed with request: {"request": {"streaming_type": "quote", "data": {"accType": "EQ", "symbols": [{"symbol": "-29"}, {"symbol": "-101"}]}, "formFactor": "P", "appID": "eyJhbGciOiJIUzI1NiIsInR5cCI6IkpXVCJ9.eyJhcHAiOjAsImZmIjoiVyIsImJkIjoid2ViLXBjIiwibmJmIjoxNzUzNDI5MDE3LCJzcmMiOiJlbXRtdyIsImF2IjoiMi4wLjkiLCJhcHBpZCI6Ijk2MDk5MzE5MTQ4NzgxOWMzN2ZmZDBhZTlmMzEyYjQzIiwiaXNzIjoiZW10IiwiZXhwIjoxNzUzNDY4MjAwLCJpYXQiOjE3NTM0MjkzMTd9.uyTTEGoncLPh4GSxxEE3aGtYw24gYjptAOiawZjehYw", "response_format": "json", "request_type": "subscribe"}, "echo": {}}

2025-09-17 02:26:17,294 [INFO] nuvama.WEBSOCKET: Quotes streaming started
2025-09-17 02:26:19,345 [DEBUG] nuvama.MARKET_DATA: Refreshed options for NIFTY expiry 0
2025-09-17 02:26:19,395 [DEBUG] nuvama.MARKET_DATA: Refreshed options for NIFTY expiry 1
2025-09-17 02:26:19,446 [DEBUG] nuvama.MARKET_DATA: Refreshed options for NIFTY expiry 2
2025-09-17 02:26:19,499 [DEBUG] nuvama.MARKET_DATA: Refreshed options for NIFTY expiry 3
2025-09-17 02:26:19,544 [DEBUG] nuvama.MARKET_DATA: Refreshed options for SENSEX expiry 0
2025-09-17 02:26:19,590 [DEBUG] nuvama.MARKET_DATA: Refreshed options for SENSEX expiry 1
2025-09-17 02:26:19,635 [DEBUG] nuvama.MARKET_DATA: Refreshed options for SENSEX expiry 2
2025-09-17 02:26:19,681 [DEBUG] nuvama.MARKET_DATA: Refreshed options for SENSEX expiry 3
2025-09-17 02:26:19,682 [INFO] nuvama.MARKET_DATA: Refreshing equity options for 386 symbols
2025-09-17 02:26:19,734 [INFO] nuvama.MARKET_DATA: Started strikes updates listener
2025-09-17 02:26:19,734 [INFO] nuvama.MARKET_DATA: Strikes updates subscription setup
2025-09-17 02:26:19,735 [INFO] nuvama.SYSTEM: Starting market data streaming (attempt 5)
2025-09-17 02:26:19,736 [WARNING] nuvama.SYSTEM: Market data streaming already running
2025-09-17 02:26:19,738 [ERROR] nuvama.API: API feed error detected
2025-09-17 02:26:19,739 [ERROR] nuvama.SYSTEM: Market data streaming error (restart 5/5)
2025-09-17 02:26:19,740 [CRITICAL] nuvama.SYSTEM: Maximum restart attempts reached, shutting down
2025-09-17 02:26:19,741 [INFO] nuvama.SYSTEM: Initiating graceful shutdown
2025-09-17 02:26:19,742 [DEBUG] feed.reduced_quotes_feed: Unsubscribing reduced quote feed with request: {"request": {"streaming_type": "quote", "data": {"accType": "EQ", "symbols": []}, "formFactor": "P", "appID": "eyJhbGciOiJIUzI1NiIsInR5cCI6IkpXVCJ9.eyJhcHAiOjAsImZmIjoiVyIsImJkIjoid2ViLXBjIiwibmJmIjoxNzUzNDI5MDE3LCJzcmMiOiJlbXRtdyIsImF2IjoiMi4wLjkiLCJhcHBpZCI6Ijk2MDk5MzE5MTQ4NzgxOWMzN2ZmZDBhZTlmMzEyYjQzIiwiaXNzIjoiZW10IiwiZXhwIjoxNzUzNDY4MjAwLCJpYXQiOjE3NTM0MjkzMTd9.uyTTEGoncLPh4GSxxEE3aGtYw24gYjptAOiawZjehYw", "response_format": "json", "request_type": "unsubscribe"}, "echo": {}}

2025-09-17 02:26:19,742 [DEBUG] feed.depth_feed: Unsubscribing depth feed with request: {"request": {"streaming_type": "quote2", "data": {"accType": "EQ", "symbols": []}, "formFactor": "P", "appID": "eyJhbGciOiJIUzI1NiIsInR5cCI6IkpXVCJ9.eyJhcHAiOjAsImZmIjoiVyIsImJkIjoid2ViLXBjIiwibmJmIjoxNzUzNDI5MDE3LCJzcmMiOiJlbXRtdyIsImF2IjoiMi4wLjkiLCJhcHBpZCI6Ijk2MDk5MzE5MTQ4NzgxOWMzN2ZmZDBhZTlmMzEyYjQzIiwiaXNzIjoiZW10IiwiZXhwIjoxNzUzNDY4MjAwLCJpYXQiOjE3NTM0MjkzMTd9.uyTTEGoncLPh4GSxxEE3aGtYw24gYjptAOiawZjehYw", "response_format": "json", "request_type": "unsubscribe"}, "echo": {}}

2025-09-17 02:26:19,743 [INFO] nuvama.MARKET_DATA: Stopping tick data manager
2025-09-17 02:26:19,743 [INFO] nuvama.MARKET_DATA: Strikes updates listener stopped
2025-09-17 02:27:11,881 [INFO] nuvama.DATABASE: Redis connection established
2025-09-17 02:27:11,882 [INFO] constants.router: Router object is being created.
2025-09-17 02:27:11,882 [INFO] APIConnect.http: Http object is being created.
2025-09-17 02:27:11,882 [INFO] APIConnect.login_helper: LoginHelper object is being created.
2025-09-17 02:27:11,883 [INFO] APIConnect.order_helper: OrderHelper object is being created.
2025-09-17 02:27:11,884 [INFO] APIConnect.api_utils: Checking for new update.
2025-09-17 02:27:11,888 [DEBUG] urllib3.connectionpool: Starting new HTTPS connection (1): nc.nuvamawealth.com:443
2025-09-17 02:27:12,059 [DEBUG] urllib3.connectionpool: https://nc.nuvamawealth.com:443 "POST /edelmw-content/content/adhoc/lib/version/ HTTP/1.1" 200 None
2025-09-17 02:27:12,059 [DEBUG] APIConnect.api_utils: Response received: {'appID': '960993191487819c37ffd0ae9f312b43', 'config': {'app': 1, 'bseExp': 1757980822709, 'exp': 1757980822689, 'info': 4}, 'data': {'type': 'libVsnResponseDao', 'msg': '', 'sts': True, 'vsn': '2.0.2'}, 'msgID': '45db9908-f725-4ba5-b706-dd764cb42b30', 'srvTm': 1758056231720}
2025-09-17 02:27:12,060 [INFO] nuvama.API: API connection initialized
2025-09-17 02:27:12,069 [INFO] nuvama.MARKET_DATA: Tick data manager initialized
2025-09-17 02:27:12,811 [INFO] nuvama.SYSTEM: Common functions initialized
2025-09-17 02:27:12,812 [INFO] nuvama.WEBSOCKET: Streaming components initialized
2025-09-17 02:27:12,815 [INFO] nuvama.MARKET_DATA: Loaded 798 option instruments from cache
2025-09-17 02:27:12,817 [DEBUG] feed.reduced_quotes_feed: Subscribing Reduced quote feed with request: {"request": {"streaming_type": "quote", "data": {"accType": "EQ", "symbols": [{"symbol": "-29"}, {"symbol": "-101"}]}, "formFactor": "P", "appID": "eyJhbGciOiJIUzI1NiIsInR5cCI6IkpXVCJ9.eyJhcHAiOjAsImZmIjoiVyIsImJkIjoid2ViLXBjIiwibmJmIjoxNzUzNDI5MDE3LCJzcmMiOiJlbXRtdyIsImF2IjoiMi4wLjkiLCJhcHBpZCI6Ijk2MDk5MzE5MTQ4NzgxOWMzN2ZmZDBhZTlmMzEyYjQzIiwiaXNzIjoiZW10IiwiZXhwIjoxNzUzNDY4MjAwLCJpYXQiOjE3NTM0MjkzMTd9.uyTTEGoncLPh4GSxxEE3aGtYw24gYjptAOiawZjehYw", "response_format": "json", "request_type": "subscribe"}, "echo": {}}

2025-09-17 02:27:12,817 [INFO] nuvama.WEBSOCKET: Quotes streaming started
2025-09-17 02:27:14,863 [DEBUG] nuvama.MARKET_DATA: Refreshed options for NIFTY expiry 0
2025-09-17 02:27:14,907 [DEBUG] nuvama.MARKET_DATA: Refreshed options for NIFTY expiry 1
2025-09-17 02:27:14,950 [DEBUG] nuvama.MARKET_DATA: Refreshed options for NIFTY expiry 2
2025-09-17 02:27:14,995 [DEBUG] nuvama.MARKET_DATA: Refreshed options for NIFTY expiry 3
2025-09-17 02:27:15,032 [DEBUG] nuvama.MARKET_DATA: Refreshed options for SENSEX expiry 0
2025-09-17 02:27:15,069 [DEBUG] nuvama.MARKET_DATA: Refreshed options for SENSEX expiry 1
2025-09-17 02:27:15,106 [DEBUG] nuvama.MARKET_DATA: Refreshed options for SENSEX expiry 2
2025-09-17 02:27:15,143 [DEBUG] nuvama.MARKET_DATA: Refreshed options for SENSEX expiry 3
2025-09-17 02:27:15,145 [INFO] nuvama.MARKET_DATA: Refreshing equity options for 386 symbols
2025-09-17 02:27:15,192 [INFO] nuvama.MARKET_DATA: Started strikes updates listener
2025-09-17 02:27:15,192 [INFO] nuvama.MARKET_DATA: Strikes updates subscription setup
2025-09-17 02:27:15,194 [INFO] nuvama.SYSTEM: CentralSocketDataManager initialized successfully
2025-09-17 02:27:15,195 [INFO] nuvama.SYSTEM: Starting market data streaming (attempt 1)
2025-09-17 02:27:15,196 [WARNING] nuvama.SYSTEM: Market data streaming already running
2025-09-17 02:27:15,200 [ERROR] nuvama.API: API feed error detected
2025-09-17 02:27:15,201 [ERROR] nuvama.SYSTEM: Market data streaming error (restart 1/5)
2025-09-17 02:27:15,202 [INFO] nuvama.SYSTEM: Restarting in 10 seconds...
2025-09-17 02:27:25,203 [DEBUG] feed.reduced_quotes_feed: Unsubscribing reduced quote feed with request: {"request": {"streaming_type": "quote", "data": {"accType": "EQ", "symbols": []}, "formFactor": "P", "appID": "eyJhbGciOiJIUzI1NiIsInR5cCI6IkpXVCJ9.eyJhcHAiOjAsImZmIjoiVyIsImJkIjoid2ViLXBjIiwibmJmIjoxNzUzNDI5MDE3LCJzcmMiOiJlbXRtdyIsImF2IjoiMi4wLjkiLCJhcHBpZCI6Ijk2MDk5MzE5MTQ4NzgxOWMzN2ZmZDBhZTlmMzEyYjQzIiwiaXNzIjoiZW10IiwiZXhwIjoxNzUzNDY4MjAwLCJpYXQiOjE3NTM0MjkzMTd9.uyTTEGoncLPh4GSxxEE3aGtYw24gYjptAOiawZjehYw", "response_format": "json", "request_type": "unsubscribe"}, "echo": {}}

2025-09-17 02:27:25,204 [DEBUG] feed.depth_feed: Unsubscribing depth feed with request: {"request": {"streaming_type": "quote2", "data": {"accType": "EQ", "symbols": []}, "formFactor": "P", "appID": "eyJhbGciOiJIUzI1NiIsInR5cCI6IkpXVCJ9.eyJhcHAiOjAsImZmIjoiVyIsImJkIjoid2ViLXBjIiwibmJmIjoxNzUzNDI5MDE3LCJzcmMiOiJlbXRtdyIsImF2IjoiMi4wLjkiLCJhcHBpZCI6Ijk2MDk5MzE5MTQ4NzgxOWMzN2ZmZDBhZTlmMzEyYjQzIiwiaXNzIjoiZW10IiwiZXhwIjoxNzUzNDY4MjAwLCJpYXQiOjE3NTM0MjkzMTd9.uyTTEGoncLPh4GSxxEE3aGtYw24gYjptAOiawZjehYw", "response_format": "json", "request_type": "unsubscribe"}, "echo": {}}

2025-09-17 02:27:25,205 [INFO] nuvama.DATABASE: Redis connection established
2025-09-17 02:27:25,206 [INFO] constants.router: Router object is being created.
2025-09-17 02:27:25,206 [INFO] APIConnect.http: Http object is being created.
2025-09-17 02:27:25,207 [INFO] APIConnect.login_helper: LoginHelper object is being created.
2025-09-17 02:27:25,207 [INFO] APIConnect.order_helper: OrderHelper object is being created.
2025-09-17 02:27:25,209 [INFO] APIConnect.api_utils: Checking for new update.
2025-09-17 02:27:25,211 [DEBUG] urllib3.connectionpool: Starting new HTTPS connection (1): nc.nuvamawealth.com:443
2025-09-17 02:27:25,222 [ERROR] nuvama.MARKET_DATA: Strikes updates listener error
2025-09-17 02:27:25,223 [INFO] nuvama.MARKET_DATA: Strikes updates listener stopped
2025-09-17 02:27:25,371 [DEBUG] urllib3.connectionpool: https://nc.nuvamawealth.com:443 "POST /edelmw-content/content/adhoc/lib/version/ HTTP/1.1" 200 None
2025-09-17 02:27:25,371 [DEBUG] APIConnect.api_utils: Response received: {'appID': '960993191487819c37ffd0ae9f312b43', 'config': {'app': 1, 'bseExp': 1757980822709, 'exp': 1757980822689, 'info': 4}, 'data': {'type': 'libVsnResponseDao', 'msg': '', 'sts': True, 'vsn': '2.0.2'}, 'msgID': 'd90c8338-d790-4ccc-8e2a-b7dcb27265cf', 'srvTm': 1758056245031}
2025-09-17 02:27:25,372 [INFO] nuvama.API: API connection initialized
2025-09-17 02:27:25,381 [INFO] nuvama.MARKET_DATA: Tick data manager initialized
2025-09-17 02:27:26,136 [INFO] nuvama.SYSTEM: Common functions initialized
2025-09-17 02:27:26,138 [INFO] nuvama.WEBSOCKET: Streaming components initialized
2025-09-17 02:27:26,140 [INFO] nuvama.MARKET_DATA: Loaded 798 option instruments from cache
2025-09-17 02:27:26,141 [DEBUG] feed.reduced_quotes_feed: Subscribing Reduced quote feed with request: {"request": {"streaming_type": "quote", "data": {"accType": "EQ", "symbols": [{"symbol": "-29"}, {"symbol": "-101"}]}, "formFactor": "P", "appID": "eyJhbGciOiJIUzI1NiIsInR5cCI6IkpXVCJ9.eyJhcHAiOjAsImZmIjoiVyIsImJkIjoid2ViLXBjIiwibmJmIjoxNzUzNDI5MDE3LCJzcmMiOiJlbXRtdyIsImF2IjoiMi4wLjkiLCJhcHBpZCI6Ijk2MDk5MzE5MTQ4NzgxOWMzN2ZmZDBhZTlmMzEyYjQzIiwiaXNzIjoiZW10IiwiZXhwIjoxNzUzNDY4MjAwLCJpYXQiOjE3NTM0MjkzMTd9.uyTTEGoncLPh4GSxxEE3aGtYw24gYjptAOiawZjehYw", "response_format": "json", "request_type": "subscribe"}, "echo": {}}

2025-09-17 02:27:26,142 [INFO] nuvama.WEBSOCKET: Quotes streaming started
2025-09-17 02:27:27,659 [INFO] nuvama.SYSTEM: Received signal SIGINT, initiating graceful shutdown
2025-09-17 02:27:27,660 [INFO] nuvama.SYSTEM: Initiating graceful shutdown
2025-09-17 02:27:27,661 [DEBUG] feed.reduced_quotes_feed: Unsubscribing reduced quote feed with request: {"request": {"streaming_type": "quote", "data": {"accType": "EQ", "symbols": []}, "formFactor": "P", "appID": "eyJhbGciOiJIUzI1NiIsInR5cCI6IkpXVCJ9.eyJhcHAiOjAsImZmIjoiVyIsImJkIjoid2ViLXBjIiwibmJmIjoxNzUzNDI5MDE3LCJzcmMiOiJlbXRtdyIsImF2IjoiMi4wLjkiLCJhcHBpZCI6Ijk2MDk5MzE5MTQ4NzgxOWMzN2ZmZDBhZTlmMzEyYjQzIiwiaXNzIjoiZW10IiwiZXhwIjoxNzUzNDY4MjAwLCJpYXQiOjE3NTM0MjkzMTd9.uyTTEGoncLPh4GSxxEE3aGtYw24gYjptAOiawZjehYw", "response_format": "json", "request_type": "unsubscribe"}, "echo": {}}

2025-09-17 02:27:27,662 [DEBUG] feed.depth_feed: Unsubscribing depth feed with request: {"request": {"streaming_type": "quote2", "data": {"accType": "EQ", "symbols": []}, "formFactor": "P", "appID": "eyJhbGciOiJIUzI1NiIsInR5cCI6IkpXVCJ9.eyJhcHAiOjAsImZmIjoiVyIsImJkIjoid2ViLXBjIiwibmJmIjoxNzUzNDI5MDE3LCJzcmMiOiJlbXRtdyIsImF2IjoiMi4wLjkiLCJhcHBpZCI6Ijk2MDk5MzE5MTQ4NzgxOWMzN2ZmZDBhZTlmMzEyYjQzIiwiaXNzIjoiZW10IiwiZXhwIjoxNzUzNDY4MjAwLCJpYXQiOjE3NTM0MjkzMTd9.uyTTEGoncLPh4GSxxEE3aGtYw24gYjptAOiawZjehYw", "response_format": "json", "request_type": "unsubscribe"}, "echo": {}}

2025-09-17 02:27:27,662 [INFO] nuvama.MARKET_DATA: Stopping tick data manager
2025-09-17 02:27:29,568 [INFO] nuvama.SYSTEM: Received signal SIGINT, initiating graceful shutdown
2025-09-17 02:27:29,727 [INFO] nuvama.SYSTEM: Received signal SIGINT, initiating graceful shutdown
2025-09-17 02:27:30,016 [INFO] nuvama.SYSTEM: Received signal SIGINT, initiating graceful shutdown
2025-09-17 02:27:30,264 [INFO] nuvama.SYSTEM: Received signal SIGINT, initiating graceful shutdown
2025-09-17 02:27:30,433 [INFO] nuvama.SYSTEM: Received signal SIGINT, initiating graceful shutdown
2025-09-17 02:27:30,713 [INFO] nuvama.SYSTEM: Received signal SIGINT, initiating graceful shutdown
2025-09-17 02:27:30,853 [INFO] nuvama.SYSTEM: Received signal SIGINT, initiating graceful shutdown
2025-09-17 02:27:30,945 [INFO] nuvama.SYSTEM: Received signal SIGINT, initiating graceful shutdown
