[INFO] Tick processing thread started[SUCCESS] TickDataManager started - Base directory: tick_data

[SUCCESS] Tick data logging enabled - Directory: tick_data
Starting Central Socket Data with Tick Logging...
[INFO] Tick processing thread started[SUCCESS] TickDataManager started - Base directory: tick_data

[SUCCESS] Tick data logging enabled - Directory: tick_data

[INFO] TICK DATA MANAGER STATISTICS
----------------------------------------
[INFO] Total ticks received: 0
[INFO] Total ticks written: 0
[INFO] Files created: 0
[INFO] Queue size: 0
[INFO] Active buffers: 0
[INFO] Buffered ticks: 0
[ERROR] Errors: 0
----------------------------------------

[INFO] Keyboard interrupt - shutting down gracefully...

[INFO] TICK DATA MANAGER STATISTICS
----------------------------------------
[INFO] Total ticks received: 0
[INFO] Total ticks written: 0
[INFO] Files created: 0
[INFO] Queue size: 0
[INFO] Active buffers: 0
[INFO] Buffered ticks: 0
[ERROR] Errors: 0
----------------------------------------

[INFO] TICK DATA MANAGER STATISTICS
----------------------------------------
[INFO] Total ticks received: 0
[INFO] Total ticks written: 0
[INFO] Files created: 0
[INFO] Queue size: 0
[INFO] Active buffers: 0
[INFO] Buffered ticks: 0
[ERROR] Errors: 0
----------------------------------------
